2026-05-03 19:40:33 INFO merge_teachings: Command line: merge_teachings.py
2026-05-03 19:40:39 WARNING merge_teachings: Course 91258 in year 2025 has 3 different syllabi; using letter suffixes
2026-05-03 19:40:39 WARNING merge_teachings: Course 11929 in year 2025 has 4 different syllabi; using letter suffixes
2026-05-03 19:40:39 WARNING merge_teachings: Course 95631 in year 2025 has 2 different syllabi; using letter suffixes
2026-05-03 19:40:39 WARNING merge_teachings: Course 91250 in year 2025 has 4 different syllabi; using letter suffixes
2026-05-03 19:40:39 WARNING merge_teachings: Course 29227 in year 2025 has 5 different syllabi; using letter suffixes
2026-05-03 19:40:39 WARNING merge_teachings: Course 10906 in year 2025 has 2 different syllabi; using letter suffixes
2026-05-03 19:40:39 WARNING merge_teachings: Course 93034 in year 2025 has 3 different syllabi; using letter suffixes
2026-05-03 19:40:39 WARNING merge_teachings: Course 07276 in year 2025 has 6 different syllabi; using letter suffixes
2026-05-03 19:40:39 WARNING merge_teachings: Course 28020 in year 2025 has 2 different syllabi; using letter suffixes
2026-05-03 19:40:39 WARNING merge_teachings: Course 28016 in year 2025 has 3 different syllabi; using letter suffixes
2026-05-03 19:40:39 WARNING merge_teachings: Course 28004 in year 2025 has 2 different syllabi; using letter suffixes
2026-05-03 19:40:39 WARNING merge_teachings: Course 00819 in year 2025 has 5 different syllabi; using letter suffixes
2026-05-03 19:40:39 WARNING merge_teachings: Course B8554 in year 2025 has 2 different syllabi; using letter suffixes
2026-05-03 19:40:39 WARNING merge_teachings: Course 28011 in year 2025 has 3 different syllabi; using letter suffixes
2026-05-03 19:40:39 WARNING merge_teachings: Course 28659 in year 2025 has 2 different syllabi; using letter suffixes
2026-05-03 19:40:39 WARNING merge_teachings: Course 08574 in year 2025 has 3 different syllabi; using letter suffixes
2026-05-03 19:40:39 WARNING merge_teachings: Course 81678 in year 2025 has 2 different syllabi; using letter suffixes
2026-05-03 19:40:39 WARNING merge_teachings: Course 28024 in year 2025 has 2 different syllabi; using letter suffixes
2026-05-03 19:40:39 WARNING merge_teachings: Course 41731 in year 2025 has 2 different syllabi; using letter suffixes
2026-05-03 19:40:39 WARNING merge_teachings: Course 96725 in year 2025 has 2 different syllabi; using letter suffixes
2026-05-03 19:40:39 WARNING merge_teachings: Course B8536 in year 2025 has 3 different syllabi; using letter suffixes
2026-05-03 19:40:39 WARNING merge_teachings: Course 96346 in year 2025 has 3 different syllabi; using letter suffixes
2026-05-03 19:40:39 WARNING merge_teachings: Course 09730 in year 2025 has 2 different syllabi; using letter suffixes
2026-05-03 19:40:39 WARNING merge_teachings: Course 69731 in year 2025 has 2 different syllabi; using letter suffixes
2026-05-03 19:40:39 WARNING merge_teachings: Course 90106 in year 2025 has 2 different syllabi; using letter suffixes
2026-05-03 19:40:39 WARNING merge_teachings: Course 03716 in year 2025 has 2 different syllabi; using letter suffixes
2026-05-03 19:40:39 WARNING merge_teachings: Course 75969 in year 2025 has 2 different syllabi; using letter suffixes
2026-05-03 19:40:39 WARNING merge_teachings: Course 82202 in year 2025 has 2 different syllabi; using letter suffixes
2026-05-03 19:40:39 WARNING merge_teachings: Course 27311 in year 2025 has 2 different syllabi; using letter suffixes
2026-05-03 19:40:39 WARNING merge_teachings: Course 93470 in year 2025 has 2 different syllabi; using letter suffixes
2026-05-03 19:40:39 WARNING merge_teachings: Course 28012 in year 2025 has 2 different syllabi; using letter suffixes
2026-05-03 19:40:39 WARNING merge_teachings: Course 39176 in year 2025 has 2 different syllabi; using letter suffixes
2026-05-03 19:40:39 INFO merge_teachings: Wrote /Users/gciatto/Work/unibo-courses-cs-restructuring/data/courses/.files/2025/course-00269.yml from 4 teaching file(s)
2026-05-03 19:40:39 INFO merge_teachings: Wrote /Users/gciatto/Work/unibo-courses-cs-restructuring/data/courses/.files/2025/course-00819-A.yml from 3 teaching file(s)
2026-05-03 19:40:39 INFO merge_teachings: Wrote /Users/gciatto/Work/unibo-courses-cs-restructuring/data/courses/.files/2025/course-00819-B.yml from 3 teaching file(s)
2026-05-03 19:40:39 INFO merge_teachings: Wrote /Users/gciatto/Work/unibo-courses-cs-restructuring/data/courses/.files/2025/course-00819-C.yml from 3 teaching file(s)
2026-05-03 19:40:39 INFO merge_teachings: Wrote /Users/gciatto/Work/unibo-courses-cs-restructuring/data/courses/.files/2025/course-00819-D.yml from 3 teaching file(s)
2026-05-03 19:40:39 INFO merge_teachings: Wrote /Users/gciatto/Work/unibo-courses-cs-restructuring/data/courses/.files/2025/course-00819-E.yml from 4 teaching file(s)
2026-05-03 19:40:39 INFO merge_teachings: Wrote /Users/gciatto/Work/unibo-courses-cs-restructuring/data/courses/.files/2025/course-03716-A.yml from 1 teaching file(s)
2026-05-03 19:40:39 INFO merge_teachings: Wrote /Users/gciatto/Work/unibo-courses-cs-restructuring/data/courses/.files/2025/course-03716-B.yml from 1 teaching file(s)
2026-05-03 19:40:39 INFO merge_teachings: Wrote /Users/gciatto/Work/unibo-courses-cs-restructuring/data/courses/.files/2025/course-04138.yml from 4 teaching file(s)
2026-05-03 19:40:39 INFO merge_teachings: Wrote /Users/gciatto/Work/unibo-courses-cs-restructuring/data/courses/.files/2025/course-07276-A.yml from 1 teaching file(s)
2026-05-03 19:40:40 INFO merge_teachings: Wrote /Users/gciatto/Work/unibo-courses-cs-restructuring/data/courses/.files/2025/course-07276-B.yml from 4 teaching file(s)
2026-05-03 19:40:40 INFO merge_teachings: Wrote /Users/gciatto/Work/unibo-courses-cs-restructuring/data/courses/.files/2025/course-07276-C.yml from 1 teaching file(s)
2026-05-03 19:40:40 INFO merge_teachings: Wrote /Users/gciatto/Work/unibo-courses-cs-restructuring/data/courses/.files/2025/course-07276-D.yml from 1 teaching file(s)
2026-05-03 19:40:40 INFO merge_teachings: Wrote /Users/gciatto/Work/unibo-courses-cs-restructuring/data/courses/.files/2025/course-07276-E.yml from 1 teaching file(s)
2026-05-03 19:40:40 INFO merge_teachings: Wrote /Users/gciatto/Work/unibo-courses-cs-restructuring/data/courses/.files/2025/course-07276-F.yml from 3 teaching file(s)
2026-05-03 19:40:40 INFO merge_teachings: Wrote /Users/gciatto/Work/unibo-courses-cs-restructuring/data/courses/.files/2025/course-08574-A.yml from 6 teaching file(s)
2026-05-03 19:40:40 INFO merge_teachings: Wrote /Users/gciatto/Work/unibo-courses-cs-restructuring/data/courses/.files/2025/course-08574-B.yml from 3 teaching file(s)
2026-05-03 19:40:40 INFO merge_teachings: Wrote /Users/gciatto/Work/unibo-courses-cs-restructuring/data/courses/.files/2025/course-08574-C.yml from 2 teaching file(s)
2026-05-03 19:40:40 INFO merge_teachings: Wrote /Users/gciatto/Work/unibo-courses-cs-restructuring/data/courses/.files/2025/course-09032.yml from 2 teaching file(s)
2026-05-03 19:40:40 INFO merge_teachings: Wrote /Users/gciatto/Work/unibo-courses-cs-restructuring/data/courses/.files/2025/course-09679.yml from 1 teaching file(s)
2026-05-03 19:40:40 INFO merge_teachings: Wrote /Users/gciatto/Work/unibo-courses-cs-restructuring/data/courses/.files/2025/course-09730-A.yml from 4 teaching file(s)
2026-05-03 19:40:40 INFO merge_teachings: Wrote /Users/gciatto/Work/unibo-courses-cs-restructuring/data/courses/.files/2025/course-09730-B.yml from 2 teaching file(s)
2026-05-03 19:40:40 INFO merge_teachings: Wrote /Users/gciatto/Work/unibo-courses-cs-restructuring/data/courses/.files/2025/course-10906-A.yml from 2 teaching file(s)
2026-05-03 19:40:40 INFO merge_teachings: Wrote /Users/gciatto/Work/unibo-courses-cs-restructuring/data/courses/.files/2025/course-10906-B.yml from 3 teaching file(s)
2026-05-03 19:40:40 INFO merge_teachings: Wrote /Users/gciatto/Work/unibo-courses-cs-restructuring/data/courses/.files/2025/course-10907.yml from 2 teaching file(s)
2026-05-03 19:40:40 INFO merge_teachings: Wrote /Users/gciatto/Work/unibo-courses-cs-restructuring/data/courses/.files/2025/course-11340.yml from 1 teaching file(s)
2026-05-03 19:40:40 INFO merge_teachings: Wrote /Users/gciatto/Work/unibo-courses-cs-restructuring/data/courses/.files/2025/course-11925.yml from 3 teaching file(s)
2026-05-03 19:40:40 INFO merge_teachings: Wrote /Users/gciatto/Work/unibo-courses-cs-restructuring/data/courses/.files/2025/course-11929-A.yml from 2 teaching file(s)
2026-05-03 19:40:40 INFO merge_teachings: Wrote /Users/gciatto/Work/unibo-courses-cs-restructuring/data/courses/.files/2025/course-11929-B.yml from 3 teaching file(s)
2026-05-03 19:40:40 INFO merge_teachings: Wrote /Users/gciatto/Work/unibo-courses-cs-restructuring/data/courses/.files/2025/course-11929-C.yml from 4 teaching file(s)
2026-05-03 19:40:40 INFO merge_teachings: Wrote /Users/gciatto/Work/unibo-courses-cs-restructuring/data/courses/.files/2025/course-11929-D.yml from 4 teaching file(s)
2026-05-03 19:40:40 INFO merge_teachings: Wrote /Users/gciatto/Work/unibo-courses-cs-restructuring/data/courses/.files/2025/course-11933.yml from 1 teaching file(s)
2026-05-03 19:40:40 INFO merge_teachings: Wrote /Users/gciatto/Work/unibo-courses-cs-restructuring/data/courses/.files/2025/course-14015.yml from 1 teaching file(s)
2026-05-03 19:40:40 INFO merge_teachings: Wrote /Users/gciatto/Work/unibo-courses-cs-restructuring/data/courses/.files/2025/course-15305.yml from 4 teaching file(s)
2026-05-03 19:40:40 INFO merge_teachings: Wrote /Users/gciatto/Work/unibo-courses-cs-restructuring/data/courses/.files/2025/course-15920.yml from 1 teaching file(s)
2026-05-03 19:40:40 INFO merge_teachings: Wrote /Users/gciatto/Work/unibo-courses-cs-restructuring/data/courses/.files/2025/course-16692.yml from 2 teaching file(s)
2026-05-03 19:40:40 INFO merge_teachings: Wrote /Users/gciatto/Work/unibo-courses-cs-restructuring/data/courses/.files/2025/course-16870.yml from 2 teaching file(s)
2026-05-03 19:40:40 INFO merge_teachings: Wrote /Users/gciatto/Work/unibo-courses-cs-restructuring/data/courses/.files/2025/course-17628.yml from 1 teaching file(s)
2026-05-03 19:40:40 INFO merge_teachings: Wrote /Users/gciatto/Work/unibo-courses-cs-restructuring/data/courses/.files/2025/course-17634.yml from 1 teaching file(s)
2026-05-03 19:40:40 INFO merge_teachings: Wrote /Users/gciatto/Work/unibo-courses-cs-restructuring/data/courses/.files/2025/course-20741.yml from 1 teaching file(s)
2026-05-03 19:40:40 INFO merge_teachings: Wrote /Users/gciatto/Work/unibo-courses-cs-restructuring/data/courses/.files/2025/course-27311-A.yml from 1 teaching file(s)
2026-05-03 19:40:40 INFO merge_teachings: Wrote /Users/gciatto/Work/unibo-courses-cs-restructuring/data/courses/.files/2025/course-27311-B.yml from 1 teaching file(s)
2026-05-03 19:40:40 INFO merge_teachings: Wrote /Users/gciatto/Work/unibo-courses-cs-restructuring/data/courses/.files/2025/course-28004-A.yml from 2 teaching file(s)
2026-05-03 19:40:40 INFO merge_teachings: Wrote /Users/gciatto/Work/unibo-courses-cs-restructuring/data/courses/.files/2025/course-28004-B.yml from 2 teaching file(s)
2026-05-03 19:40:40 INFO merge_teachings: Wrote /Users/gciatto/Work/unibo-courses-cs-restructuring/data/courses/.files/2025/course-28011-A.yml from 2 teaching file(s)
2026-05-03 19:40:40 INFO merge_teachings: Wrote /Users/gciatto/Work/unibo-courses-cs-restructuring/data/courses/.files/2025/course-28011-B.yml from 1 teaching file(s)
2026-05-03 19:40:40 INFO merge_teachings: Wrote /Users/gciatto/Work/unibo-courses-cs-restructuring/data/courses/.files/2025/course-28011-C.yml from 2 teaching file(s)
2026-05-03 19:40:40 INFO merge_teachings: Wrote /Users/gciatto/Work/unibo-courses-cs-restructuring/data/courses/.files/2025/course-28012-A.yml from 2 teaching file(s)
2026-05-03 19:40:40 INFO merge_teachings: Wrote /Users/gciatto/Work/unibo-courses-cs-restructuring/data/courses/.files/2025/course-28012-B.yml from 1 teaching file(s)
2026-05-03 19:40:40 INFO merge_teachings: Wrote /Users/gciatto/Work/unibo-courses-cs-restructuring/data/courses/.files/2025/course-28016-A.yml from 2 teaching file(s)
2026-05-03 19:40:40 INFO merge_teachings: Wrote /Users/gciatto/Work/unibo-courses-cs-restructuring/data/courses/.files/2025/course-28016-B.yml from 1 teaching file(s)
2026-05-03 19:40:40 INFO merge_teachings: Wrote /Users/gciatto/Work/unibo-courses-cs-restructuring/data/courses/.files/2025/course-28016-C.yml from 1 teaching file(s)
2026-05-03 19:40:40 INFO merge_teachings: Wrote /Users/gciatto/Work/unibo-courses-cs-restructuring/data/courses/.files/2025/course-28020-A.yml from 4 teaching file(s)
2026-05-03 19:40:40 INFO merge_teachings: Wrote /Users/gciatto/Work/unibo-courses-cs-restructuring/data/courses/.files/2025/course-28020-B.yml from 4 teaching file(s)
2026-05-03 19:40:40 INFO merge_teachings: Wrote /Users/gciatto/Work/unibo-courses-cs-restructuring/data/courses/.files/2025/course-28021.yml from 2 teaching file(s)
2026-05-03 19:40:40 INFO merge_teachings: Wrote /Users/gciatto/Work/unibo-courses-cs-restructuring/data/courses/.files/2025/course-28024-A.yml from 4 teaching file(s)
2026-05-03 19:40:40 INFO merge_teachings: Wrote /Users/gciatto/Work/unibo-courses-cs-restructuring/data/courses/.files/2025/course-28024-B.yml from 4 teaching file(s)
2026-05-03 19:40:40 INFO merge_teachings: Wrote /Users/gciatto/Work/unibo-courses-cs-restructuring/data/courses/.files/2025/course-28027.yml from 2 teaching file(s)
2026-05-03 19:40:40 INFO merge_teachings: Wrote /Users/gciatto/Work/unibo-courses-cs-restructuring/data/courses/.files/2025/course-28040.yml from 4 teaching file(s)
2026-05-03 19:40:40 INFO merge_teachings: Wrote /Users/gciatto/Work/unibo-courses-cs-restructuring/data/courses/.files/2025/course-28106.yml from 1 teaching file(s)
2026-05-03 19:40:40 INFO merge_teachings: Wrote /Users/gciatto/Work/unibo-courses-cs-restructuring/data/courses/.files/2025/course-28623.yml from 3 teaching file(s)
2026-05-03 19:40:40 INFO merge_teachings: Wrote /Users/gciatto/Work/unibo-courses-cs-restructuring/data/courses/.files/2025/course-28651.yml from 1 teaching file(s)
2026-05-03 19:40:40 INFO merge_teachings: Wrote /Users/gciatto/Work/unibo-courses-cs-restructuring/data/courses/.files/2025/course-28652.yml from 1 teaching file(s)
2026-05-03 19:40:40 INFO merge_teachings: Wrote /Users/gciatto/Work/unibo-courses-cs-restructuring/data/courses/.files/2025/course-28659-A.yml from 3 teaching file(s)
2026-05-03 19:40:40 INFO merge_teachings: Wrote /Users/gciatto/Work/unibo-courses-cs-restructuring/data/courses/.files/2025/course-28659-B.yml from 2 teaching file(s)
2026-05-03 19:40:40 INFO merge_teachings: Wrote /Users/gciatto/Work/unibo-courses-cs-restructuring/data/courses/.files/2025/course-28722.yml from 2 teaching file(s)
2026-05-03 19:40:40 INFO merge_teachings: Wrote /Users/gciatto/Work/unibo-courses-cs-restructuring/data/courses/.files/2025/course-28724.yml from 2 teaching file(s)
2026-05-03 19:40:40 INFO merge_teachings: Wrote /Users/gciatto/Work/unibo-courses-cs-restructuring/data/courses/.files/2025/course-28796.yml from 2 teaching file(s)
2026-05-03 19:40:40 INFO merge_teachings: Wrote /Users/gciatto/Work/unibo-courses-cs-restructuring/data/courses/.files/2025/course-29035.yml from 1 teaching file(s)
2026-05-03 19:40:40 INFO merge_teachings: Wrote /Users/gciatto/Work/unibo-courses-cs-restructuring/data/courses/.files/2025/course-29227-A.yml from 3 teaching file(s)
2026-05-03 19:40:40 INFO merge_teachings: Wrote /Users/gciatto/Work/unibo-courses-cs-restructuring/data/courses/.files/2025/course-29227-B.yml from 4 teaching file(s)
2026-05-03 19:40:40 INFO merge_teachings: Wrote /Users/gciatto/Work/unibo-courses-cs-restructuring/data/courses/.files/2025/course-29227-C.yml from 4 teaching file(s)
2026-05-03 19:40:41 INFO merge_teachings: Wrote /Users/gciatto/Work/unibo-courses-cs-restructuring/data/courses/.files/2025/course-29227-D.yml from 2 teaching file(s)
2026-05-03 19:40:41 INFO merge_teachings: Wrote /Users/gciatto/Work/unibo-courses-cs-restructuring/data/courses/.files/2025/course-29227-E.yml from 2 teaching file(s)
2026-05-03 19:40:41 INFO merge_teachings: Wrote /Users/gciatto/Work/unibo-courses-cs-restructuring/data/courses/.files/2025/course-30376.yml from 2 teaching file(s)
2026-05-03 19:40:41 INFO merge_teachings: Wrote /Users/gciatto/Work/unibo-courses-cs-restructuring/data/courses/.files/2025/course-34876.yml from 2 teaching file(s)
2026-05-03 19:40:41 INFO merge_teachings: Wrote /Users/gciatto/Work/unibo-courses-cs-restructuring/data/courses/.files/2025/course-34991.yml from 2 teaching file(s)
2026-05-03 19:40:41 INFO merge_teachings: Wrote /Users/gciatto/Work/unibo-courses-cs-restructuring/data/courses/.files/2025/course-35148.yml from 1 teaching file(s)
2026-05-03 19:40:41 INFO merge_teachings: Wrote /Users/gciatto/Work/unibo-courses-cs-restructuring/data/courses/.files/2025/course-35253.yml from 1 teaching file(s)
2026-05-03 19:40:41 INFO merge_teachings: Wrote /Users/gciatto/Work/unibo-courses-cs-restructuring/data/courses/.files/2025/course-35364.yml from 3 teaching file(s)
2026-05-03 19:40:41 INFO merge_teachings: Wrote /Users/gciatto/Work/unibo-courses-cs-restructuring/data/courses/.files/2025/course-35367.yml from 1 teaching file(s)
2026-05-03 19:40:41 INFO merge_teachings: Wrote /Users/gciatto/Work/unibo-courses-cs-restructuring/data/courses/.files/2025/course-35424.yml from 1 teaching file(s)
2026-05-03 19:40:41 INFO merge_teachings: Wrote /Users/gciatto/Work/unibo-courses-cs-restructuring/data/courses/.files/2025/course-37063.yml from 3 teaching file(s)
2026-05-03 19:40:41 INFO merge_teachings: Wrote /Users/gciatto/Work/unibo-courses-cs-restructuring/data/courses/.files/2025/course-37085.yml from 1 teaching file(s)
2026-05-03 19:40:41 INFO merge_teachings: Wrote /Users/gciatto/Work/unibo-courses-cs-restructuring/data/courses/.files/2025/course-37262.yml from 1 teaching file(s)
2026-05-03 19:40:41 INFO merge_teachings: Wrote /Users/gciatto/Work/unibo-courses-cs-restructuring/data/courses/.files/2025/course-37635.yml from 4 teaching file(s)
2026-05-03 19:40:41 INFO merge_teachings: Wrote /Users/gciatto/Work/unibo-courses-cs-restructuring/data/courses/.files/2025/course-37760.yml from 2 teaching file(s)
2026-05-03 19:40:41 INFO merge_teachings: Wrote /Users/gciatto/Work/unibo-courses-cs-restructuring/data/courses/.files/2025/course-37925.yml from 2 teaching file(s)
2026-05-03 19:40:41 INFO merge_teachings: Wrote /Users/gciatto/Work/unibo-courses-cs-restructuring/data/courses/.files/2025/course-39176-A.yml from 1 teaching file(s)
2026-05-03 19:40:41 INFO merge_teachings: Wrote /Users/gciatto/Work/unibo-courses-cs-restructuring/data/courses/.files/2025/course-39176-B.yml from 1 teaching file(s)
2026-05-03 19:40:41 INFO merge_teachings: Wrote /Users/gciatto/Work/unibo-courses-cs-restructuring/data/courses/.files/2025/course-40720.yml from 3 teaching file(s)
2026-05-03 19:40:41 INFO merge_teachings: Wrote /Users/gciatto/Work/unibo-courses-cs-restructuring/data/courses/.files/2025/course-41169.yml from 1 teaching file(s)
2026-05-03 19:40:41 INFO merge_teachings: Wrote /Users/gciatto/Work/unibo-courses-cs-restructuring/data/courses/.files/2025/course-41588.yml from 1 teaching file(s)
2026-05-03 19:40:41 INFO merge_teachings: Wrote /Users/gciatto/Work/unibo-courses-cs-restructuring/data/courses/.files/2025/course-41731-A.yml from 3 teaching file(s)
2026-05-03 19:40:41 INFO merge_teachings: Wrote /Users/gciatto/Work/unibo-courses-cs-restructuring/data/courses/.files/2025/course-41731-B.yml from 3 teaching file(s)
2026-05-03 19:40:41 INFO merge_teachings: Wrote /Users/gciatto/Work/unibo-courses-cs-restructuring/data/courses/.files/2025/course-42500.yml from 2 teaching file(s)
2026-05-03 19:40:41 INFO merge_teachings: Wrote /Users/gciatto/Work/unibo-courses-cs-restructuring/data/courses/.files/2025/course-47240.yml from 2 teaching file(s)
2026-05-03 19:40:41 INFO merge_teachings: Wrote /Users/gciatto/Work/unibo-courses-cs-restructuring/data/courses/.files/2025/course-48693.yml from 1 teaching file(s)
2026-05-03 19:40:41 INFO merge_teachings: Wrote /Users/gciatto/Work/unibo-courses-cs-restructuring/data/courses/.files/2025/course-57828.yml from 1 teaching file(s)
2026-05-03 19:40:41 INFO merge_teachings: Wrote /Users/gciatto/Work/unibo-courses-cs-restructuring/data/courses/.files/2025/course-58348.yml from 2 teaching file(s)
2026-05-03 19:40:41 INFO merge_teachings: Wrote /Users/gciatto/Work/unibo-courses-cs-restructuring/data/courses/.files/2025/course-58423.yml from 2 teaching file(s)
2026-05-03 19:40:41 INFO merge_teachings: Wrote /Users/gciatto/Work/unibo-courses-cs-restructuring/data/courses/.files/2025/course-58437.yml from 1 teaching file(s)
2026-05-03 19:40:41 INFO merge_teachings: Wrote /Users/gciatto/Work/unibo-courses-cs-restructuring/data/courses/.files/2025/course-60348.yml from 2 teaching file(s)
2026-05-03 19:40:41 INFO merge_teachings: Wrote /Users/gciatto/Work/unibo-courses-cs-restructuring/data/courses/.files/2025/course-65094.yml from 1 teaching file(s)
2026-05-03 19:40:41 INFO merge_teachings: Wrote /Users/gciatto/Work/unibo-courses-cs-restructuring/data/courses/.files/2025/course-66857.yml from 2 teaching file(s)
2026-05-03 19:40:41 INFO merge_teachings: Wrote /Users/gciatto/Work/unibo-courses-cs-restructuring/data/courses/.files/2025/course-66858.yml from 2 teaching file(s)
2026-05-03 19:40:41 INFO merge_teachings: Wrote /Users/gciatto/Work/unibo-courses-cs-restructuring/data/courses/.files/2025/course-66860.yml from 1 teaching file(s)
2026-05-03 19:40:41 INFO merge_teachings: Wrote /Users/gciatto/Work/unibo-courses-cs-restructuring/data/courses/.files/2025/course-66870.yml from 1 teaching file(s)
2026-05-03 19:40:41 INFO merge_teachings: Wrote /Users/gciatto/Work/unibo-courses-cs-restructuring/data/courses/.files/2025/course-69259.yml from 1 teaching file(s)
2026-05-03 19:40:41 INFO merge_teachings: Wrote /Users/gciatto/Work/unibo-courses-cs-restructuring/data/courses/.files/2025/course-69430.yml from 2 teaching file(s)
2026-05-03 19:40:41 INFO merge_teachings: Wrote /Users/gciatto/Work/unibo-courses-cs-restructuring/data/courses/.files/2025/course-69437.yml from 1 teaching file(s)
2026-05-03 19:40:41 INFO merge_teachings: Wrote /Users/gciatto/Work/unibo-courses-cs-restructuring/data/courses/.files/2025/course-69661.yml from 3 teaching file(s)
2026-05-03 19:40:41 INFO merge_teachings: Wrote /Users/gciatto/Work/unibo-courses-cs-restructuring/data/courses/.files/2025/course-69731-A.yml from 4 teaching file(s)
2026-05-03 19:40:41 INFO merge_teachings: Wrote /Users/gciatto/Work/unibo-courses-cs-restructuring/data/courses/.files/2025/course-69731-B.yml from 3 teaching file(s)
2026-05-03 19:40:41 INFO merge_teachings: Wrote /Users/gciatto/Work/unibo-courses-cs-restructuring/data/courses/.files/2025/course-69773.yml from 1 teaching file(s)
2026-05-03 19:40:41 INFO merge_teachings: Wrote /Users/gciatto/Work/unibo-courses-cs-restructuring/data/courses/.files/2025/course-69867.yml from 2 teaching file(s)
2026-05-03 19:40:41 INFO merge_teachings: Wrote /Users/gciatto/Work/unibo-courses-cs-restructuring/data/courses/.files/2025/course-70155.yml from 2 teaching file(s)
2026-05-03 19:40:41 INFO merge_teachings: Wrote /Users/gciatto/Work/unibo-courses-cs-restructuring/data/courses/.files/2025/course-70210.yml from 1 teaching file(s)
2026-05-03 19:40:41 INFO merge_teachings: Wrote /Users/gciatto/Work/unibo-courses-cs-restructuring/data/courses/.files/2025/course-70219.yml from 4 teaching file(s)
2026-05-03 19:40:41 INFO merge_teachings: Wrote /Users/gciatto/Work/unibo-courses-cs-restructuring/data/courses/.files/2025/course-70226.yml from 2 teaching file(s)
2026-05-03 19:40:41 INFO merge_teachings: Wrote /Users/gciatto/Work/unibo-courses-cs-restructuring/data/courses/.files/2025/course-71148.yml from 1 teaching file(s)
2026-05-03 19:40:41 INFO merge_teachings: Wrote /Users/gciatto/Work/unibo-courses-cs-restructuring/data/courses/.files/2025/course-72671.yml from 1 teaching file(s)
2026-05-03 19:40:41 INFO merge_teachings: Wrote /Users/gciatto/Work/unibo-courses-cs-restructuring/data/courses/.files/2025/course-72778.yml from 1 teaching file(s)
2026-05-03 19:40:41 INFO merge_teachings: Wrote /Users/gciatto/Work/unibo-courses-cs-restructuring/data/courses/.files/2025/course-72787.yml from 3 teaching file(s)
2026-05-03 19:40:41 INFO merge_teachings: Wrote /Users/gciatto/Work/unibo-courses-cs-restructuring/data/courses/.files/2025/course-72796.yml from 2 teaching file(s)
2026-05-03 19:40:41 INFO merge_teachings: Wrote /Users/gciatto/Work/unibo-courses-cs-restructuring/data/courses/.files/2025/course-72938.yml from 2 teaching file(s)
2026-05-03 19:40:41 INFO merge_teachings: Wrote /Users/gciatto/Work/unibo-courses-cs-restructuring/data/courses/.files/2025/course-72939.yml from 1 teaching file(s)
2026-05-03 19:40:41 INFO merge_teachings: Wrote /Users/gciatto/Work/unibo-courses-cs-restructuring/data/courses/.files/2025/course-72940.yml from 1 teaching file(s)
2026-05-03 19:40:41 INFO merge_teachings: Wrote /Users/gciatto/Work/unibo-courses-cs-restructuring/data/courses/.files/2025/course-72942.yml from 2 teaching file(s)
2026-05-03 19:40:41 INFO merge_teachings: Wrote /Users/gciatto/Work/unibo-courses-cs-restructuring/data/courses/.files/2025/course-72945.yml from 1 teaching file(s)
2026-05-03 19:40:41 INFO merge_teachings: Wrote /Users/gciatto/Work/unibo-courses-cs-restructuring/data/courses/.files/2025/course-73025.yml from 2 teaching file(s)
2026-05-03 19:40:41 INFO merge_teachings: Wrote /Users/gciatto/Work/unibo-courses-cs-restructuring/data/courses/.files/2025/course-73092.yml from 1 teaching file(s)
2026-05-03 19:40:41 INFO merge_teachings: Wrote /Users/gciatto/Work/unibo-courses-cs-restructuring/data/courses/.files/2025/course-73110.yml from 1 teaching file(s)
2026-05-03 19:40:41 INFO merge_teachings: Wrote /Users/gciatto/Work/unibo-courses-cs-restructuring/data/courses/.files/2025/course-73149.yml from 1 teaching file(s)
2026-05-03 19:40:41 INFO merge_teachings: Wrote /Users/gciatto/Work/unibo-courses-cs-restructuring/data/courses/.files/2025/course-73273.yml from 1 teaching file(s)
2026-05-03 19:40:41 INFO merge_teachings: Wrote /Users/gciatto/Work/unibo-courses-cs-restructuring/data/courses/.files/2025/course-73302.yml from 3 teaching file(s)
2026-05-03 19:40:41 INFO merge_teachings: Wrote /Users/gciatto/Work/unibo-courses-cs-restructuring/data/courses/.files/2025/course-73435.yml from 1 teaching file(s)
2026-05-03 19:40:41 INFO merge_teachings: Wrote /Users/gciatto/Work/unibo-courses-cs-restructuring/data/courses/.files/2025/course-73731.yml from 1 teaching file(s)
2026-05-03 19:40:41 INFO merge_teachings: Wrote /Users/gciatto/Work/unibo-courses-cs-restructuring/data/courses/.files/2025/course-75198.yml from 1 teaching file(s)
2026-05-03 19:40:41 INFO merge_teachings: Wrote /Users/gciatto/Work/unibo-courses-cs-restructuring/data/courses/.files/2025/course-75835.yml from 3 teaching file(s)
2026-05-03 19:40:41 INFO merge_teachings: Wrote /Users/gciatto/Work/unibo-courses-cs-restructuring/data/courses/.files/2025/course-75969-A.yml from 3 teaching file(s)
2026-05-03 19:40:41 INFO merge_teachings: Wrote /Users/gciatto/Work/unibo-courses-cs-restructuring/data/courses/.files/2025/course-75969-B.yml from 1 teaching file(s)
2026-05-03 19:40:41 INFO merge_teachings: Wrote /Users/gciatto/Work/unibo-courses-cs-restructuring/data/courses/.files/2025/course-76011.yml from 1 teaching file(s)
2026-05-03 19:40:41 INFO merge_teachings: Wrote /Users/gciatto/Work/unibo-courses-cs-restructuring/data/courses/.files/2025/course-77780.yml from 2 teaching file(s)
2026-05-03 19:40:41 INFO merge_teachings: Wrote /Users/gciatto/Work/unibo-courses-cs-restructuring/data/courses/.files/2025/course-77933.yml from 2 teaching file(s)
2026-05-03 19:40:41 INFO merge_teachings: Wrote /Users/gciatto/Work/unibo-courses-cs-restructuring/data/courses/.files/2025/course-78096.yml from 2 teaching file(s)
2026-05-03 19:40:41 INFO merge_teachings: Wrote /Users/gciatto/Work/unibo-courses-cs-restructuring/data/courses/.files/2025/course-78501.yml from 1 teaching file(s)
2026-05-03 19:40:41 INFO merge_teachings: Wrote /Users/gciatto/Work/unibo-courses-cs-restructuring/data/courses/.files/2025/course-78510.yml from 1 teaching file(s)
2026-05-03 19:40:41 INFO merge_teachings: Wrote /Users/gciatto/Work/unibo-courses-cs-restructuring/data/courses/.files/2025/course-78778.yml from 2 teaching file(s)
2026-05-03 19:40:41 INFO merge_teachings: Wrote /Users/gciatto/Work/unibo-courses-cs-restructuring/data/courses/.files/2025/course-78779.yml from 1 teaching file(s)
2026-05-03 19:40:41 INFO merge_teachings: Wrote /Users/gciatto/Work/unibo-courses-cs-restructuring/data/courses/.files/2025/course-78810.yml from 3 teaching file(s)
2026-05-03 19:40:41 INFO merge_teachings: Wrote /Users/gciatto/Work/unibo-courses-cs-restructuring/data/courses/.files/2025/course-79194.yml from 2 teaching file(s)
2026-05-03 19:40:41 INFO merge_teachings: Wrote /Users/gciatto/Work/unibo-courses-cs-restructuring/data/courses/.files/2025/course-81609.yml from 1 teaching file(s)
2026-05-03 19:40:41 INFO merge_teachings: Wrote /Users/gciatto/Work/unibo-courses-cs-restructuring/data/courses/.files/2025/course-81610.yml from 2 teaching file(s)
2026-05-03 19:40:41 INFO merge_teachings: Wrote /Users/gciatto/Work/unibo-courses-cs-restructuring/data/courses/.files/2025/course-81612.yml from 3 teaching file(s)
2026-05-03 19:40:41 INFO merge_teachings: Wrote /Users/gciatto/Work/unibo-courses-cs-restructuring/data/courses/.files/2025/course-81649.yml from 3 teaching file(s)
2026-05-03 19:40:41 INFO merge_teachings: Wrote /Users/gciatto/Work/unibo-courses-cs-restructuring/data/courses/.files/2025/course-81654.yml from 1 teaching file(s)
2026-05-03 19:40:41 INFO merge_teachings: Wrote /Users/gciatto/Work/unibo-courses-cs-restructuring/data/courses/.files/2025/course-81672.yml from 1 teaching file(s)
2026-05-03 19:40:41 INFO merge_teachings: Wrote /Users/gciatto/Work/unibo-courses-cs-restructuring/data/courses/.files/2025/course-81676.yml from 1 teaching file(s)
2026-05-03 19:40:41 INFO merge_teachings: Wrote /Users/gciatto/Work/unibo-courses-cs-restructuring/data/courses/.files/2025/course-81678-A.yml from 1 teaching file(s)
2026-05-03 19:40:41 INFO merge_teachings: Wrote /Users/gciatto/Work/unibo-courses-cs-restructuring/data/courses/.files/2025/course-81678-B.yml from 2 teaching file(s)
2026-05-03 19:40:41 INFO merge_teachings: Wrote /Users/gciatto/Work/unibo-courses-cs-restructuring/data/courses/.files/2025/course-81683.yml from 4 teaching file(s)
2026-05-03 19:40:41 INFO merge_teachings: Wrote /Users/gciatto/Work/unibo-courses-cs-restructuring/data/courses/.files/2025/course-81917.yml from 2 teaching file(s)
2026-05-03 19:40:41 INFO merge_teachings: Wrote /Users/gciatto/Work/unibo-courses-cs-restructuring/data/courses/.files/2025/course-81932.yml from 2 teaching file(s)
2026-05-03 19:40:41 INFO merge_teachings: Wrote /Users/gciatto/Work/unibo-courses-cs-restructuring/data/courses/.files/2025/course-81934.yml from 1 teaching file(s)
2026-05-03 19:40:41 INFO merge_teachings: Wrote /Users/gciatto/Work/unibo-courses-cs-restructuring/data/courses/.files/2025/course-81940.yml from 3 teaching file(s)
2026-05-03 19:40:41 INFO merge_teachings: Wrote /Users/gciatto/Work/unibo-courses-cs-restructuring/data/courses/.files/2025/course-81942.yml from 2 teaching file(s)
2026-05-03 19:40:41 INFO merge_teachings: Wrote /Users/gciatto/Work/unibo-courses-cs-restructuring/data/courses/.files/2025/course-82202-A.yml from 1 teaching file(s)
2026-05-03 19:40:41 INFO merge_teachings: Wrote /Users/gciatto/Work/unibo-courses-cs-restructuring/data/courses/.files/2025/course-82202-B.yml from 1 teaching file(s)
2026-05-03 19:40:41 INFO merge_teachings: Wrote /Users/gciatto/Work/unibo-courses-cs-restructuring/data/courses/.files/2025/course-84258.yml from 2 teaching file(s)
2026-05-03 19:40:42 INFO merge_teachings: Wrote /Users/gciatto/Work/unibo-courses-cs-restructuring/data/courses/.files/2025/course-84339.yml from 2 teaching file(s)
2026-05-03 19:40:42 INFO merge_teachings: Wrote /Users/gciatto/Work/unibo-courses-cs-restructuring/data/courses/.files/2025/course-84401.yml from 3 teaching file(s)
2026-05-03 19:40:42 INFO merge_teachings: Wrote /Users/gciatto/Work/unibo-courses-cs-restructuring/data/courses/.files/2025/course-84442.yml from 2 teaching file(s)
2026-05-03 19:40:42 INFO merge_teachings: Wrote /Users/gciatto/Work/unibo-courses-cs-restructuring/data/courses/.files/2025/course-84530.yml from 2 teaching file(s)
2026-05-03 19:40:42 INFO merge_teachings: Wrote /Users/gciatto/Work/unibo-courses-cs-restructuring/data/courses/.files/2025/course-84531.yml from 2 teaching file(s)
2026-05-03 19:40:42 INFO merge_teachings: Wrote /Users/gciatto/Work/unibo-courses-cs-restructuring/data/courses/.files/2025/course-85189.yml from 2 teaching file(s)
2026-05-03 19:40:42 INFO merge_teachings: Wrote /Users/gciatto/Work/unibo-courses-cs-restructuring/data/courses/.files/2025/course-85285.yml from 3 teaching file(s)
2026-05-03 19:40:42 INFO merge_teachings: Wrote /Users/gciatto/Work/unibo-courses-cs-restructuring/data/courses/.files/2025/course-85301.yml from 2 teaching file(s)
2026-05-03 19:40:42 INFO merge_teachings: Wrote /Users/gciatto/Work/unibo-courses-cs-restructuring/data/courses/.files/2025/course-85445.yml from 1 teaching file(s)
2026-05-03 19:40:42 INFO merge_teachings: Wrote /Users/gciatto/Work/unibo-courses-cs-restructuring/data/courses/.files/2025/course-85446.yml from 1 teaching file(s)
2026-05-03 19:40:42 INFO merge_teachings: Wrote /Users/gciatto/Work/unibo-courses-cs-restructuring/data/courses/.files/2025/course-85573.yml from 3 teaching file(s)
2026-05-03 19:40:42 INFO merge_teachings: Wrote /Users/gciatto/Work/unibo-courses-cs-restructuring/data/courses/.files/2025/course-85728.yml from 2 teaching file(s)
2026-05-03 19:40:42 INFO merge_teachings: Wrote /Users/gciatto/Work/unibo-courses-cs-restructuring/data/courses/.files/2025/course-85730.yml from 1 teaching file(s)
2026-05-03 19:40:42 INFO merge_teachings: Wrote /Users/gciatto/Work/unibo-courses-cs-restructuring/data/courses/.files/2025/course-85733.yml from 1 teaching file(s)
2026-05-03 19:40:42 INFO merge_teachings: Wrote /Users/gciatto/Work/unibo-courses-cs-restructuring/data/courses/.files/2025/course-85734.yml from 2 teaching file(s)
2026-05-03 19:40:42 INFO merge_teachings: Wrote /Users/gciatto/Work/unibo-courses-cs-restructuring/data/courses/.files/2025/course-87198.yml from 2 teaching file(s)
2026-05-03 19:40:42 INFO merge_teachings: Wrote /Users/gciatto/Work/unibo-courses-cs-restructuring/data/courses/.files/2025/course-87469.yml from 1 teaching file(s)
2026-05-03 19:40:42 INFO merge_teachings: Wrote /Users/gciatto/Work/unibo-courses-cs-restructuring/data/courses/.files/2025/course-87474.yml from 3 teaching file(s)
2026-05-03 19:40:42 INFO merge_teachings: Wrote /Users/gciatto/Work/unibo-courses-cs-restructuring/data/courses/.files/2025/course-87898.yml from 2 teaching file(s)
2026-05-03 19:40:42 INFO merge_teachings: Wrote /Users/gciatto/Work/unibo-courses-cs-restructuring/data/courses/.files/2025/course-87901.yml from 1 teaching file(s)
2026-05-03 19:40:42 INFO merge_teachings: Wrote /Users/gciatto/Work/unibo-courses-cs-restructuring/data/courses/.files/2025/course-88016.yml from 1 teaching file(s)
2026-05-03 19:40:42 INFO merge_teachings: Wrote /Users/gciatto/Work/unibo-courses-cs-restructuring/data/courses/.files/2025/course-88145.yml from 2 teaching file(s)
2026-05-03 19:40:42 INFO merge_teachings: Wrote /Users/gciatto/Work/unibo-courses-cs-restructuring/data/courses/.files/2025/course-88146.yml from 2 teaching file(s)
2026-05-03 19:40:42 INFO merge_teachings: Wrote /Users/gciatto/Work/unibo-courses-cs-restructuring/data/courses/.files/2025/course-88154.yml from 5 teaching file(s)
2026-05-03 19:40:42 INFO merge_teachings: Wrote /Users/gciatto/Work/unibo-courses-cs-restructuring/data/courses/.files/2025/course-88155.yml from 3 teaching file(s)
2026-05-03 19:40:42 INFO merge_teachings: Wrote /Users/gciatto/Work/unibo-courses-cs-restructuring/data/courses/.files/2025/course-88202.yml from 2 teaching file(s)
2026-05-03 19:40:42 INFO merge_teachings: Wrote /Users/gciatto/Work/unibo-courses-cs-restructuring/data/courses/.files/2025/course-88228.yml from 2 teaching file(s)
2026-05-03 19:40:42 INFO merge_teachings: Wrote /Users/gciatto/Work/unibo-courses-cs-restructuring/data/courses/.files/2025/course-88230.yml from 1 teaching file(s)
2026-05-03 19:40:42 INFO merge_teachings: Wrote /Users/gciatto/Work/unibo-courses-cs-restructuring/data/courses/.files/2025/course-88324.yml from 3 teaching file(s)
2026-05-03 19:40:42 INFO merge_teachings: Wrote /Users/gciatto/Work/unibo-courses-cs-restructuring/data/courses/.files/2025/course-88325.yml from 3 teaching file(s)
2026-05-03 19:40:42 INFO merge_teachings: Wrote /Users/gciatto/Work/unibo-courses-cs-restructuring/data/courses/.files/2025/course-88566.yml from 4 teaching file(s)
2026-05-03 19:40:42 INFO merge_teachings: Wrote /Users/gciatto/Work/unibo-courses-cs-restructuring/data/courses/.files/2025/course-89988.yml from 3 teaching file(s)
2026-05-03 19:40:42 INFO merge_teachings: Wrote /Users/gciatto/Work/unibo-courses-cs-restructuring/data/courses/.files/2025/course-90074.yml from 1 teaching file(s)
2026-05-03 19:40:42 INFO merge_teachings: Wrote /Users/gciatto/Work/unibo-courses-cs-restructuring/data/courses/.files/2025/course-90106-A.yml from 3 teaching file(s)
2026-05-03 19:40:42 INFO merge_teachings: Wrote /Users/gciatto/Work/unibo-courses-cs-restructuring/data/courses/.files/2025/course-90106-B.yml from 2 teaching file(s)
2026-05-03 19:40:42 INFO merge_teachings: Wrote /Users/gciatto/Work/unibo-courses-cs-restructuring/data/courses/.files/2025/course-90107.yml from 3 teaching file(s)
2026-05-03 19:40:42 INFO merge_teachings: Wrote /Users/gciatto/Work/unibo-courses-cs-restructuring/data/courses/.files/2025/course-90147.yml from 1 teaching file(s)
2026-05-03 19:40:42 INFO merge_teachings: Wrote /Users/gciatto/Work/unibo-courses-cs-restructuring/data/courses/.files/2025/course-90157.yml from 1 teaching file(s)
2026-05-03 19:40:42 INFO merge_teachings: Wrote /Users/gciatto/Work/unibo-courses-cs-restructuring/data/courses/.files/2025/course-90392.yml from 1 teaching file(s)
2026-05-03 19:40:42 INFO merge_teachings: Wrote /Users/gciatto/Work/unibo-courses-cs-restructuring/data/courses/.files/2025/course-90477.yml from 2 teaching file(s)
2026-05-03 19:40:42 INFO merge_teachings: Wrote /Users/gciatto/Work/unibo-courses-cs-restructuring/data/courses/.files/2025/course-90720.yml from 3 teaching file(s)
2026-05-03 19:40:42 INFO merge_teachings: Wrote /Users/gciatto/Work/unibo-courses-cs-restructuring/data/courses/.files/2025/course-90730.yml from 2 teaching file(s)
2026-05-03 19:40:42 INFO merge_teachings: Wrote /Users/gciatto/Work/unibo-courses-cs-restructuring/data/courses/.files/2025/course-90748.yml from 1 teaching file(s)
2026-05-03 19:40:42 INFO merge_teachings: Wrote /Users/gciatto/Work/unibo-courses-cs-restructuring/data/courses/.files/2025/course-90749.yml from 2 teaching file(s)
2026-05-03 19:40:42 INFO merge_teachings: Wrote /Users/gciatto/Work/unibo-courses-cs-restructuring/data/courses/.files/2025/course-90864.yml from 1 teaching file(s)
2026-05-03 19:40:42 INFO merge_teachings: Wrote /Users/gciatto/Work/unibo-courses-cs-restructuring/data/courses/.files/2025/course-91161.yml from 2 teaching file(s)
2026-05-03 19:40:42 INFO merge_teachings: Wrote /Users/gciatto/Work/unibo-courses-cs-restructuring/data/courses/.files/2025/course-91248.yml from 5 teaching file(s)
2026-05-03 19:40:42 INFO merge_teachings: Wrote /Users/gciatto/Work/unibo-courses-cs-restructuring/data/courses/.files/2025/course-91250-A.yml from 2 teaching file(s)
2026-05-03 19:40:42 INFO merge_teachings: Wrote /Users/gciatto/Work/unibo-courses-cs-restructuring/data/courses/.files/2025/course-91250-B.yml from 1 teaching file(s)
2026-05-03 19:40:42 INFO merge_teachings: Wrote /Users/gciatto/Work/unibo-courses-cs-restructuring/data/courses/.files/2025/course-91250-C.yml from 1 teaching file(s)
2026-05-03 19:40:42 INFO merge_teachings: Wrote /Users/gciatto/Work/unibo-courses-cs-restructuring/data/courses/.files/2025/course-91250-D.yml from 1 teaching file(s)
2026-05-03 19:40:42 INFO merge_teachings: Wrote /Users/gciatto/Work/unibo-courses-cs-restructuring/data/courses/.files/2025/course-91254.yml from 4 teaching file(s)
2026-05-03 19:40:42 INFO merge_teachings: Wrote /Users/gciatto/Work/unibo-courses-cs-restructuring/data/courses/.files/2025/course-91258-A.yml from 1 teaching file(s)
2026-05-03 19:40:42 INFO merge_teachings: Wrote /Users/gciatto/Work/unibo-courses-cs-restructuring/data/courses/.files/2025/course-91258-B.yml from 1 teaching file(s)
2026-05-03 19:40:42 INFO merge_teachings: Wrote /Users/gciatto/Work/unibo-courses-cs-restructuring/data/courses/.files/2025/course-91258-C.yml from 3 teaching file(s)
2026-05-03 19:40:42 INFO merge_teachings: Wrote /Users/gciatto/Work/unibo-courses-cs-restructuring/data/courses/.files/2025/course-91259.yml from 3 teaching file(s)
2026-05-03 19:40:42 INFO merge_teachings: Wrote /Users/gciatto/Work/unibo-courses-cs-restructuring/data/courses/.files/2025/course-91261.yml from 2 teaching file(s)
2026-05-03 19:40:42 INFO merge_teachings: Wrote /Users/gciatto/Work/unibo-courses-cs-restructuring/data/courses/.files/2025/course-91264.yml from 3 teaching file(s)
2026-05-03 19:40:42 INFO merge_teachings: Wrote /Users/gciatto/Work/unibo-courses-cs-restructuring/data/courses/.files/2025/course-91265.yml from 2 teaching file(s)
2026-05-03 19:40:42 INFO merge_teachings: Wrote /Users/gciatto/Work/unibo-courses-cs-restructuring/data/courses/.files/2025/course-91266.yml from 2 teaching file(s)
2026-05-03 19:40:42 INFO merge_teachings: Wrote /Users/gciatto/Work/unibo-courses-cs-restructuring/data/courses/.files/2025/course-91267.yml from 1 teaching file(s)
2026-05-03 19:40:42 INFO merge_teachings: Wrote /Users/gciatto/Work/unibo-courses-cs-restructuring/data/courses/.files/2025/course-91269.yml from 2 teaching file(s)
2026-05-03 19:40:42 INFO merge_teachings: Wrote /Users/gciatto/Work/unibo-courses-cs-restructuring/data/courses/.files/2025/course-91411.yml from 1 teaching file(s)
2026-05-03 19:40:42 INFO merge_teachings: Wrote /Users/gciatto/Work/unibo-courses-cs-restructuring/data/courses/.files/2025/course-91602.yml from 1 teaching file(s)
2026-05-03 19:40:42 INFO merge_teachings: Wrote /Users/gciatto/Work/unibo-courses-cs-restructuring/data/courses/.files/2025/course-91685.yml from 1 teaching file(s)
2026-05-03 19:40:42 INFO merge_teachings: Wrote /Users/gciatto/Work/unibo-courses-cs-restructuring/data/courses/.files/2025/course-91721.yml from 1 teaching file(s)
2026-05-03 19:40:42 INFO merge_teachings: Wrote /Users/gciatto/Work/unibo-courses-cs-restructuring/data/courses/.files/2025/course-91762.yml from 3 teaching file(s)
2026-05-03 19:40:42 INFO merge_teachings: Wrote /Users/gciatto/Work/unibo-courses-cs-restructuring/data/courses/.files/2025/course-92858.yml from 2 teaching file(s)
2026-05-03 19:40:42 INFO merge_teachings: Wrote /Users/gciatto/Work/unibo-courses-cs-restructuring/data/courses/.files/2025/course-93034-A.yml from 6 teaching file(s)
2026-05-03 19:40:42 INFO merge_teachings: Wrote /Users/gciatto/Work/unibo-courses-cs-restructuring/data/courses/.files/2025/course-93034-B.yml from 6 teaching file(s)
2026-05-03 19:40:42 INFO merge_teachings: Wrote /Users/gciatto/Work/unibo-courses-cs-restructuring/data/courses/.files/2025/course-93034-C.yml from 1 teaching file(s)
2026-05-03 19:40:42 INFO merge_teachings: Wrote /Users/gciatto/Work/unibo-courses-cs-restructuring/data/courses/.files/2025/course-93315.yml from 2 teaching file(s)
2026-05-03 19:40:42 INFO merge_teachings: Wrote /Users/gciatto/Work/unibo-courses-cs-restructuring/data/courses/.files/2025/course-93319.yml from 2 teaching file(s)
2026-05-03 19:40:43 INFO merge_teachings: Wrote /Users/gciatto/Work/unibo-courses-cs-restructuring/data/courses/.files/2025/course-93321.yml from 1 teaching file(s)
2026-05-03 19:40:43 INFO merge_teachings: Wrote /Users/gciatto/Work/unibo-courses-cs-restructuring/data/courses/.files/2025/course-93322.yml from 2 teaching file(s)
2026-05-03 19:40:43 INFO merge_teachings: Wrote /Users/gciatto/Work/unibo-courses-cs-restructuring/data/courses/.files/2025/course-93333.yml from 1 teaching file(s)
2026-05-03 19:40:43 INFO merge_teachings: Wrote /Users/gciatto/Work/unibo-courses-cs-restructuring/data/courses/.files/2025/course-93363.yml from 2 teaching file(s)
2026-05-03 19:40:43 INFO merge_teachings: Wrote /Users/gciatto/Work/unibo-courses-cs-restructuring/data/courses/.files/2025/course-93379.yml from 1 teaching file(s)
2026-05-03 19:40:43 INFO merge_teachings: Wrote /Users/gciatto/Work/unibo-courses-cs-restructuring/data/courses/.files/2025/course-93390.yml from 4 teaching file(s)
2026-05-03 19:40:43 INFO merge_teachings: Wrote /Users/gciatto/Work/unibo-courses-cs-restructuring/data/courses/.files/2025/course-93391.yml from 1 teaching file(s)
2026-05-03 19:40:43 INFO merge_teachings: Wrote /Users/gciatto/Work/unibo-courses-cs-restructuring/data/courses/.files/2025/course-93392.yml from 1 teaching file(s)
2026-05-03 19:40:43 INFO merge_teachings: Wrote /Users/gciatto/Work/unibo-courses-cs-restructuring/data/courses/.files/2025/course-93395.yml from 2 teaching file(s)
2026-05-03 19:40:43 INFO merge_teachings: Wrote /Users/gciatto/Work/unibo-courses-cs-restructuring/data/courses/.files/2025/course-93398.yml from 6 teaching file(s)
2026-05-03 19:40:43 INFO merge_teachings: Wrote /Users/gciatto/Work/unibo-courses-cs-restructuring/data/courses/.files/2025/course-93466.yml from 2 teaching file(s)
2026-05-03 19:40:43 INFO merge_teachings: Wrote /Users/gciatto/Work/unibo-courses-cs-restructuring/data/courses/.files/2025/course-93467.yml from 2 teaching file(s)
2026-05-03 19:40:43 INFO merge_teachings: Wrote /Users/gciatto/Work/unibo-courses-cs-restructuring/data/courses/.files/2025/course-93468.yml from 3 teaching file(s)
2026-05-03 19:40:43 INFO merge_teachings: Wrote /Users/gciatto/Work/unibo-courses-cs-restructuring/data/courses/.files/2025/course-93469.yml from 1 teaching file(s)
2026-05-03 19:40:43 INFO merge_teachings: Wrote /Users/gciatto/Work/unibo-courses-cs-restructuring/data/courses/.files/2025/course-93470-A.yml from 3 teaching file(s)
2026-05-03 19:40:43 INFO merge_teachings: Wrote /Users/gciatto/Work/unibo-courses-cs-restructuring/data/courses/.files/2025/course-93470-B.yml from 2 teaching file(s)
2026-05-03 19:40:43 INFO merge_teachings: Wrote /Users/gciatto/Work/unibo-courses-cs-restructuring/data/courses/.files/2025/course-93478.yml from 2 teaching file(s)
2026-05-03 19:40:43 INFO merge_teachings: Wrote /Users/gciatto/Work/unibo-courses-cs-restructuring/data/courses/.files/2025/course-93653.yml from 1 teaching file(s)
2026-05-03 19:40:43 INFO merge_teachings: Wrote /Users/gciatto/Work/unibo-courses-cs-restructuring/data/courses/.files/2025/course-93669.yml from 2 teaching file(s)
2026-05-03 19:40:43 INFO merge_teachings: Wrote /Users/gciatto/Work/unibo-courses-cs-restructuring/data/courses/.files/2025/course-93929.yml from 1 teaching file(s)
2026-05-03 19:40:43 INFO merge_teachings: Wrote /Users/gciatto/Work/unibo-courses-cs-restructuring/data/courses/.files/2025/course-94247.yml from 2 teaching file(s)
2026-05-03 19:40:43 INFO merge_teachings: Wrote /Users/gciatto/Work/unibo-courses-cs-restructuring/data/courses/.files/2025/course-94272.yml from 1 teaching file(s)
2026-05-03 19:40:43 INFO merge_teachings: Wrote /Users/gciatto/Work/unibo-courses-cs-restructuring/data/courses/.files/2025/course-94442.yml from 2 teaching file(s)
2026-05-03 19:40:43 INFO merge_teachings: Wrote /Users/gciatto/Work/unibo-courses-cs-restructuring/data/courses/.files/2025/course-95602.yml from 3 teaching file(s)
2026-05-03 19:40:43 INFO merge_teachings: Wrote /Users/gciatto/Work/unibo-courses-cs-restructuring/data/courses/.files/2025/course-95604.yml from 2 teaching file(s)
2026-05-03 19:40:43 INFO merge_teachings: Wrote /Users/gciatto/Work/unibo-courses-cs-restructuring/data/courses/.files/2025/course-95605.yml from 2 teaching file(s)
2026-05-03 19:40:43 INFO merge_teachings: Wrote /Users/gciatto/Work/unibo-courses-cs-restructuring/data/courses/.files/2025/course-95611.yml from 1 teaching file(s)
2026-05-03 19:40:43 INFO merge_teachings: Wrote /Users/gciatto/Work/unibo-courses-cs-restructuring/data/courses/.files/2025/course-95627.yml from 2 teaching file(s)
2026-05-03 19:40:43 INFO merge_teachings: Wrote /Users/gciatto/Work/unibo-courses-cs-restructuring/data/courses/.files/2025/course-95630.yml from 2 teaching file(s)
2026-05-03 19:40:43 INFO merge_teachings: Wrote /Users/gciatto/Work/unibo-courses-cs-restructuring/data/courses/.files/2025/course-95631-A.yml from 3 teaching file(s)
2026-05-03 19:40:43 INFO merge_teachings: Wrote /Users/gciatto/Work/unibo-courses-cs-restructuring/data/courses/.files/2025/course-95631-B.yml from 3 teaching file(s)
2026-05-03 19:40:43 INFO merge_teachings: Wrote /Users/gciatto/Work/unibo-courses-cs-restructuring/data/courses/.files/2025/course-95632.yml from 2 teaching file(s)
2026-05-03 19:40:43 INFO merge_teachings: Wrote /Users/gciatto/Work/unibo-courses-cs-restructuring/data/courses/.files/2025/course-95638.yml from 1 teaching file(s)
2026-05-03 19:40:43 INFO merge_teachings: Wrote /Users/gciatto/Work/unibo-courses-cs-restructuring/data/courses/.files/2025/course-95639.yml from 1 teaching file(s)
2026-05-03 19:40:43 INFO merge_teachings: Wrote /Users/gciatto/Work/unibo-courses-cs-restructuring/data/courses/.files/2025/course-95644.yml from 3 teaching file(s)
2026-05-03 19:40:43 INFO merge_teachings: Wrote /Users/gciatto/Work/unibo-courses-cs-restructuring/data/courses/.files/2025/course-95645.yml from 3 teaching file(s)
2026-05-03 19:40:43 INFO merge_teachings: Wrote /Users/gciatto/Work/unibo-courses-cs-restructuring/data/courses/.files/2025/course-95646.yml from 3 teaching file(s)
2026-05-03 19:40:43 INFO merge_teachings: Wrote /Users/gciatto/Work/unibo-courses-cs-restructuring/data/courses/.files/2025/course-95648.yml from 4 teaching file(s)
2026-05-03 19:40:43 INFO merge_teachings: Wrote /Users/gciatto/Work/unibo-courses-cs-restructuring/data/courses/.files/2025/course-95782.yml from 2 teaching file(s)
2026-05-03 19:40:43 INFO merge_teachings: Wrote /Users/gciatto/Work/unibo-courses-cs-restructuring/data/courses/.files/2025/course-95965.yml from 1 teaching file(s)
2026-05-03 19:40:43 INFO merge_teachings: Wrote /Users/gciatto/Work/unibo-courses-cs-restructuring/data/courses/.files/2025/course-96007.yml from 2 teaching file(s)
2026-05-03 19:40:43 INFO merge_teachings: Wrote /Users/gciatto/Work/unibo-courses-cs-restructuring/data/courses/.files/2025/course-96142.yml from 2 teaching file(s)
2026-05-03 19:40:43 INFO merge_teachings: Wrote /Users/gciatto/Work/unibo-courses-cs-restructuring/data/courses/.files/2025/course-96143.yml from 2 teaching file(s)
2026-05-03 19:40:43 INFO merge_teachings: Wrote /Users/gciatto/Work/unibo-courses-cs-restructuring/data/courses/.files/2025/course-96346-A.yml from 1 teaching file(s)
2026-05-03 19:40:43 INFO merge_teachings: Wrote /Users/gciatto/Work/unibo-courses-cs-restructuring/data/courses/.files/2025/course-96346-B.yml from 1 teaching file(s)
2026-05-03 19:40:43 INFO merge_teachings: Wrote /Users/gciatto/Work/unibo-courses-cs-restructuring/data/courses/.files/2025/course-96346-C.yml from 2 teaching file(s)
2026-05-03 19:40:43 INFO merge_teachings: Wrote /Users/gciatto/Work/unibo-courses-cs-restructuring/data/courses/.files/2025/course-96642.yml from 2 teaching file(s)
2026-05-03 19:40:43 INFO merge_teachings: Wrote /Users/gciatto/Work/unibo-courses-cs-restructuring/data/courses/.files/2025/course-96725-A.yml from 2 teaching file(s)
2026-05-03 19:40:43 INFO merge_teachings: Wrote /Users/gciatto/Work/unibo-courses-cs-restructuring/data/courses/.files/2025/course-96725-B.yml from 2 teaching file(s)
2026-05-03 19:40:43 INFO merge_teachings: Wrote /Users/gciatto/Work/unibo-courses-cs-restructuring/data/courses/.files/2025/course-96793.yml from 1 teaching file(s)
2026-05-03 19:40:43 INFO merge_teachings: Wrote /Users/gciatto/Work/unibo-courses-cs-restructuring/data/courses/.files/2025/course-96859.yml from 2 teaching file(s)
2026-05-03 19:40:43 INFO merge_teachings: Wrote /Users/gciatto/Work/unibo-courses-cs-restructuring/data/courses/.files/2025/course-96994.yml from 1 teaching file(s)
2026-05-03 19:40:43 INFO merge_teachings: Wrote /Users/gciatto/Work/unibo-courses-cs-restructuring/data/courses/.files/2025/course-96995.yml from 2 teaching file(s)
2026-05-03 19:40:43 INFO merge_teachings: Wrote /Users/gciatto/Work/unibo-courses-cs-restructuring/data/courses/.files/2025/course-97431.yml from 1 teaching file(s)
2026-05-03 19:40:43 INFO merge_teachings: Wrote /Users/gciatto/Work/unibo-courses-cs-restructuring/data/courses/.files/2025/course-97466.yml from 1 teaching file(s)
2026-05-03 19:40:43 INFO merge_teachings: Wrote /Users/gciatto/Work/unibo-courses-cs-restructuring/data/courses/.files/2025/course-97467.yml from 2 teaching file(s)
2026-05-03 19:40:43 INFO merge_teachings: Wrote /Users/gciatto/Work/unibo-courses-cs-restructuring/data/courses/.files/2025/course-98618.yml from 1 teaching file(s)
2026-05-03 19:40:43 INFO merge_teachings: Wrote /Users/gciatto/Work/unibo-courses-cs-restructuring/data/courses/.files/2025/course-98671.yml from 1 teaching file(s)
2026-05-03 19:40:43 INFO merge_teachings: Wrote /Users/gciatto/Work/unibo-courses-cs-restructuring/data/courses/.files/2025/course-98735.yml from 2 teaching file(s)
2026-05-03 19:40:43 INFO merge_teachings: Wrote /Users/gciatto/Work/unibo-courses-cs-restructuring/data/courses/.files/2025/course-98931.yml from 3 teaching file(s)
2026-05-03 19:40:43 INFO merge_teachings: Wrote /Users/gciatto/Work/unibo-courses-cs-restructuring/data/courses/.files/2025/course-99191.yml from 2 teaching file(s)
2026-05-03 19:40:43 INFO merge_teachings: Wrote /Users/gciatto/Work/unibo-courses-cs-restructuring/data/courses/.files/2025/course-99192.yml from 2 teaching file(s)
2026-05-03 19:40:43 INFO merge_teachings: Wrote /Users/gciatto/Work/unibo-courses-cs-restructuring/data/courses/.files/2025/course-99195.yml from 2 teaching file(s)
2026-05-03 19:40:43 INFO merge_teachings: Wrote /Users/gciatto/Work/unibo-courses-cs-restructuring/data/courses/.files/2025/course-B0009.yml from 2 teaching file(s)
2026-05-03 19:40:43 INFO merge_teachings: Wrote /Users/gciatto/Work/unibo-courses-cs-restructuring/data/courses/.files/2025/course-B0010.yml from 1 teaching file(s)
2026-05-03 19:40:43 INFO merge_teachings: Wrote /Users/gciatto/Work/unibo-courses-cs-restructuring/data/courses/.files/2025/course-B0011.yml from 3 teaching file(s)
2026-05-03 19:40:43 INFO merge_teachings: Wrote /Users/gciatto/Work/unibo-courses-cs-restructuring/data/courses/.files/2025/course-B0061.yml from 2 teaching file(s)
2026-05-03 19:40:43 INFO merge_teachings: Wrote /Users/gciatto/Work/unibo-courses-cs-restructuring/data/courses/.files/2025/course-B0069.yml from 1 teaching file(s)
2026-05-03 19:40:43 INFO merge_teachings: Wrote /Users/gciatto/Work/unibo-courses-cs-restructuring/data/courses/.files/2025/course-B0070.yml from 1 teaching file(s)
2026-05-03 19:40:43 INFO merge_teachings: Wrote /Users/gciatto/Work/unibo-courses-cs-restructuring/data/courses/.files/2025/course-B0073.yml from 1 teaching file(s)
2026-05-03 19:40:43 INFO merge_teachings: Wrote /Users/gciatto/Work/unibo-courses-cs-restructuring/data/courses/.files/2025/course-B0074.yml from 1 teaching file(s)
2026-05-03 19:40:43 INFO merge_teachings: Wrote /Users/gciatto/Work/unibo-courses-cs-restructuring/data/courses/.files/2025/course-B0159.yml from 1 teaching file(s)
2026-05-03 19:40:43 INFO merge_teachings: Wrote /Users/gciatto/Work/unibo-courses-cs-restructuring/data/courses/.files/2025/course-B0385.yml from 1 teaching file(s)
2026-05-03 19:40:43 INFO merge_teachings: Wrote /Users/gciatto/Work/unibo-courses-cs-restructuring/data/courses/.files/2025/course-B0832.yml from 3 teaching file(s)
2026-05-03 19:40:43 INFO merge_teachings: Wrote /Users/gciatto/Work/unibo-courses-cs-restructuring/data/courses/.files/2025/course-B0833.yml from 3 teaching file(s)
2026-05-03 19:40:43 INFO merge_teachings: Wrote /Users/gciatto/Work/unibo-courses-cs-restructuring/data/courses/.files/2025/course-B1459.yml from 1 teaching file(s)
2026-05-03 19:40:43 INFO merge_teachings: Wrote /Users/gciatto/Work/unibo-courses-cs-restructuring/data/courses/.files/2025/course-B1703.yml from 2 teaching file(s)
2026-05-03 19:40:43 INFO merge_teachings: Wrote /Users/gciatto/Work/unibo-courses-cs-restructuring/data/courses/.files/2025/course-B1873.yml from 1 teaching file(s)
2026-05-03 19:40:43 INFO merge_teachings: Wrote /Users/gciatto/Work/unibo-courses-cs-restructuring/data/courses/.files/2025/course-B1874.yml from 1 teaching file(s)
2026-05-03 19:40:43 INFO merge_teachings: Wrote /Users/gciatto/Work/unibo-courses-cs-restructuring/data/courses/.files/2025/course-B2125.yml from 3 teaching file(s)
2026-05-03 19:40:43 INFO merge_teachings: Wrote /Users/gciatto/Work/unibo-courses-cs-restructuring/data/courses/.files/2025/course-B2133.yml from 3 teaching file(s)
2026-05-03 19:40:43 INFO merge_teachings: Wrote /Users/gciatto/Work/unibo-courses-cs-restructuring/data/courses/.files/2025/course-B2250.yml from 1 teaching file(s)
2026-05-03 19:40:43 INFO merge_teachings: Wrote /Users/gciatto/Work/unibo-courses-cs-restructuring/data/courses/.files/2025/course-B2361.yml from 2 teaching file(s)
2026-05-03 19:40:43 INFO merge_teachings: Wrote /Users/gciatto/Work/unibo-courses-cs-restructuring/data/courses/.files/2025/course-B2696.yml from 1 teaching file(s)
2026-05-03 19:40:44 INFO merge_teachings: Wrote /Users/gciatto/Work/unibo-courses-cs-restructuring/data/courses/.files/2025/course-B3567.yml from 3 teaching file(s)
2026-05-03 19:40:44 INFO merge_teachings: Wrote /Users/gciatto/Work/unibo-courses-cs-restructuring/data/courses/.files/2025/course-B4826.yml from 1 teaching file(s)
2026-05-03 19:40:44 INFO merge_teachings: Wrote /Users/gciatto/Work/unibo-courses-cs-restructuring/data/courses/.files/2025/course-B4913.yml from 5 teaching file(s)
2026-05-03 19:40:44 INFO merge_teachings: Wrote /Users/gciatto/Work/unibo-courses-cs-restructuring/data/courses/.files/2025/course-B4925.yml from 1 teaching file(s)
2026-05-03 19:40:44 INFO merge_teachings: Wrote /Users/gciatto/Work/unibo-courses-cs-restructuring/data/courses/.files/2025/course-B4940.yml from 1 teaching file(s)
2026-05-03 19:40:44 INFO merge_teachings: Wrote /Users/gciatto/Work/unibo-courses-cs-restructuring/data/courses/.files/2025/course-B4948.yml from 1 teaching file(s)
2026-05-03 19:40:44 INFO merge_teachings: Wrote /Users/gciatto/Work/unibo-courses-cs-restructuring/data/courses/.files/2025/course-B5026.yml from 2 teaching file(s)
2026-05-03 19:40:44 INFO merge_teachings: Wrote /Users/gciatto/Work/unibo-courses-cs-restructuring/data/courses/.files/2025/course-B5059.yml from 1 teaching file(s)
2026-05-03 19:40:44 INFO merge_teachings: Wrote /Users/gciatto/Work/unibo-courses-cs-restructuring/data/courses/.files/2025/course-B5079.yml from 1 teaching file(s)
2026-05-03 19:40:44 INFO merge_teachings: Wrote /Users/gciatto/Work/unibo-courses-cs-restructuring/data/courses/.files/2025/course-B5292.yml from 1 teaching file(s)
2026-05-03 19:40:44 INFO merge_teachings: Wrote /Users/gciatto/Work/unibo-courses-cs-restructuring/data/courses/.files/2025/course-B5293.yml from 1 teaching file(s)
2026-05-03 19:40:44 INFO merge_teachings: Wrote /Users/gciatto/Work/unibo-courses-cs-restructuring/data/courses/.files/2025/course-B5474.yml from 2 teaching file(s)
2026-05-03 19:40:44 INFO merge_teachings: Wrote /Users/gciatto/Work/unibo-courses-cs-restructuring/data/courses/.files/2025/course-B5665.yml from 3 teaching file(s)
2026-05-03 19:40:44 INFO merge_teachings: Wrote /Users/gciatto/Work/unibo-courses-cs-restructuring/data/courses/.files/2025/course-B5674.yml from 1 teaching file(s)
2026-05-03 19:40:44 INFO merge_teachings: Wrote /Users/gciatto/Work/unibo-courses-cs-restructuring/data/courses/.files/2025/course-B5722.yml from 1 teaching file(s)
2026-05-03 19:40:44 INFO merge_teachings: Wrote /Users/gciatto/Work/unibo-courses-cs-restructuring/data/courses/.files/2025/course-B5727.yml from 5 teaching file(s)
2026-05-03 19:40:44 INFO merge_teachings: Wrote /Users/gciatto/Work/unibo-courses-cs-restructuring/data/courses/.files/2025/course-B5780.yml from 2 teaching file(s)
2026-05-03 19:40:44 INFO merge_teachings: Wrote /Users/gciatto/Work/unibo-courses-cs-restructuring/data/courses/.files/2025/course-B5782.yml from 1 teaching file(s)
2026-05-03 19:40:44 INFO merge_teachings: Wrote /Users/gciatto/Work/unibo-courses-cs-restructuring/data/courses/.files/2025/course-B5793.yml from 2 teaching file(s)
2026-05-03 19:40:44 INFO merge_teachings: Wrote /Users/gciatto/Work/unibo-courses-cs-restructuring/data/courses/.files/2025/course-B5796.yml from 1 teaching file(s)
2026-05-03 19:40:44 INFO merge_teachings: Wrote /Users/gciatto/Work/unibo-courses-cs-restructuring/data/courses/.files/2025/course-B5812.yml from 1 teaching file(s)
2026-05-03 19:40:44 INFO merge_teachings: Wrote /Users/gciatto/Work/unibo-courses-cs-restructuring/data/courses/.files/2025/course-B6082.yml from 1 teaching file(s)
2026-05-03 19:40:44 INFO merge_teachings: Wrote /Users/gciatto/Work/unibo-courses-cs-restructuring/data/courses/.files/2025/course-B8018.yml from 1 teaching file(s)
2026-05-03 19:40:44 INFO merge_teachings: Wrote /Users/gciatto/Work/unibo-courses-cs-restructuring/data/courses/.files/2025/course-B8019.yml from 1 teaching file(s)
2026-05-03 19:40:44 INFO merge_teachings: Wrote /Users/gciatto/Work/unibo-courses-cs-restructuring/data/courses/.files/2025/course-B8105.yml from 2 teaching file(s)
2026-05-03 19:40:44 INFO merge_teachings: Wrote /Users/gciatto/Work/unibo-courses-cs-restructuring/data/courses/.files/2025/course-B8159.yml from 1 teaching file(s)
2026-05-03 19:40:44 INFO merge_teachings: Wrote /Users/gciatto/Work/unibo-courses-cs-restructuring/data/courses/.files/2025/course-B8309.yml from 3 teaching file(s)
2026-05-03 19:40:44 INFO merge_teachings: Wrote /Users/gciatto/Work/unibo-courses-cs-restructuring/data/courses/.files/2025/course-B8310.yml from 1 teaching file(s)
2026-05-03 19:40:44 INFO merge_teachings: Wrote /Users/gciatto/Work/unibo-courses-cs-restructuring/data/courses/.files/2025/course-B8311.yml from 1 teaching file(s)
2026-05-03 19:40:44 INFO merge_teachings: Wrote /Users/gciatto/Work/unibo-courses-cs-restructuring/data/courses/.files/2025/course-B8378.yml from 1 teaching file(s)
2026-05-03 19:40:44 INFO merge_teachings: Wrote /Users/gciatto/Work/unibo-courses-cs-restructuring/data/courses/.files/2025/course-B8379.yml from 2 teaching file(s)
2026-05-03 19:40:44 INFO merge_teachings: Wrote /Users/gciatto/Work/unibo-courses-cs-restructuring/data/courses/.files/2025/course-B8390.yml from 1 teaching file(s)
2026-05-03 19:40:44 INFO merge_teachings: Wrote /Users/gciatto/Work/unibo-courses-cs-restructuring/data/courses/.files/2025/course-B8396.yml from 1 teaching file(s)
2026-05-03 19:40:44 INFO merge_teachings: Wrote /Users/gciatto/Work/unibo-courses-cs-restructuring/data/courses/.files/2025/course-B8536-A.yml from 1 teaching file(s)
2026-05-03 19:40:44 INFO merge_teachings: Wrote /Users/gciatto/Work/unibo-courses-cs-restructuring/data/courses/.files/2025/course-B8536-B.yml from 1 teaching file(s)
2026-05-03 19:40:44 INFO merge_teachings: Wrote /Users/gciatto/Work/unibo-courses-cs-restructuring/data/courses/.files/2025/course-B8536-C.yml from 1 teaching file(s)
2026-05-03 19:40:44 INFO merge_teachings: Wrote /Users/gciatto/Work/unibo-courses-cs-restructuring/data/courses/.files/2025/course-B8554-A.yml from 7 teaching file(s)
2026-05-03 19:40:44 INFO merge_teachings: Wrote /Users/gciatto/Work/unibo-courses-cs-restructuring/data/courses/.files/2025/course-B8554-B.yml from 7 teaching file(s)
2026-05-03 19:40:44 INFO merge_teachings: Wrote /Users/gciatto/Work/unibo-courses-cs-restructuring/data/courses/.files/2025/course-B8561.yml from 2 teaching file(s)
2026-05-03 19:40:44 INFO merge_teachings: Wrote /Users/gciatto/Work/unibo-courses-cs-restructuring/data/courses/.files/2025/course-B8562.yml from 1 teaching file(s)
2026-05-03 19:40:44 INFO merge_teachings: Wrote /Users/gciatto/Work/unibo-courses-cs-restructuring/data/courses/.files/2025/course-B8563.yml from 2 teaching file(s)
2026-05-03 19:40:44 INFO merge_teachings: Wrote /Users/gciatto/Work/unibo-courses-cs-restructuring/data/courses/.files/2025/course-B8603.yml from 1 teaching file(s)
2026-05-03 19:40:44 INFO merge_teachings: Wrote /Users/gciatto/Work/unibo-courses-cs-restructuring/data/courses/.files/2025/course-B8836.yml from 1 teaching file(s)
2026-05-03 19:40:44 INFO merge_teachings: Wrote /Users/gciatto/Work/unibo-courses-cs-restructuring/data/courses/.files/2025/course-B8905.yml from 1 teaching file(s)
2026-05-03 19:40:44 INFO merge_teachings: Wrote /Users/gciatto/Work/unibo-courses-cs-restructuring/data/courses/.files/2025/course-B8929.yml from 1 teaching file(s)
2026-05-03 19:40:44 INFO merge_teachings: Wrote /Users/gciatto/Work/unibo-courses-cs-restructuring/data/courses/.files/2025/course-B9254.yml from 1 teaching file(s)
2026-05-03 19:40:44 INFO merge_teachings: Wrote /Users/gciatto/Work/unibo-courses-cs-restructuring/data/courses/.files/2025/course-C7674.yml from 1 teaching file(s)
2026-05-03 19:40:44 INFO merge_teachings: Done. merged=374 symlinks=731
